<?xml version="1.0" encoding="UTF-8"?>
<!-- Generated by org.testng.reporters.JUnitReportReporter -->
<testsuite hostname="GBWindows" failures="0" tests="1" name="com.testscenarios.tripatiBalagiproject" time="20.465" errors="0" timestamp="2023-04-01T19:58:47 PDT" skipped="0">
  <testcase classname="com.testscenarios.tripatiBalagiproject" name="f" time="20.465"/>
  <system-out/>
</testsuite> <!-- com.testscenarios.tripatiBalagiproject -->
