<?xml version="1.0" encoding="UTF-8"?>
<!-- Generated by org.testng.reporters.JUnitReportReporter -->
<testsuite hostname="GBWindows" failures="0" tests="1" name="com.testscenarios.FbLoginHBP" time="13.767" errors="0" timestamp="2023-04-01T20:03:14 PDT" skipped="0">
  <testcase classname="com.testscenarios.FbLoginHBP" name="f" time="13.767"/>
  <system-out/>
</testsuite> <!-- com.testscenarios.FbLoginHBP -->
