<?xml version="1.0" encoding="UTF-8"?>
<!-- Generated by org.testng.reporters.JUnitReportReporter -->
<testsuite hostname="GBWindows" failures="0" tests="1" name="com.testscenarios.Opencarttest" time="15.550" errors="0" timestamp="2023-03-29T18:44:26 PDT" skipped="0">
  <testcase classname="com.testscenarios.Opencarttest" name="f" time="15.550"/>
  <system-out/>
</testsuite> <!-- com.testscenarios.Opencarttest -->
